0 verbose cli D:\Java\nodejs\node.exe D:\Java\nodejs\node_modules\npm\bin\npm-cli.js
1 info using npm@11.13.0
2 info using node@v24.17.0
3 silly config load:file:D:\Java\nodejs\node_modules\npm\npmrc
4 silly config load:file:C:\Users\wu yu rui\AppData\Local\Microsoft\TypeScript\5.9\.npmrc
5 silly config load:file:C:\Users\wu yu rui\.npmrc
6 silly config load:file:D:\nodejs\node_global\etc\npmrc
7 verbose title npm install types-registry@latest
8 verbose argv "install" "--ignore-scripts" "types-registry@latest"
9 verbose logfile logs-max:10 dir:d:\小程序\npm_cache\_logs\2026-07-08T11_55_21_211Z-
10 verbose logfile d:\小程序\npm_cache\_logs\2026-07-08T11_55_21_211Z-debug-0.log
11 silly logfile done cleaning log files
12 silly packumentCache heap:4496293888 maxSize:1124073472 maxEntrySize:562036736
13 silly packumentCache corgi:https://registry.npmmirror.com/types-registry cache-miss
14 http fetch GET 200 https://registry.npmmirror.com/types-registry 274ms (cache miss)
15 silly packumentCache corgi:https://registry.npmmirror.com/types-registry set size:157069 disposed:false
16 silly idealTree buildDeps
17 silly fetch manifest types-registry@0.1.777
18 silly packumentCache full:https://registry.npmmirror.com/types-registry cache-miss
19 http fetch GET 200 https://registry.npmmirror.com/npm 312ms
20 http fetch GET 200 https://registry.npmmirror.com/types-registry 187ms (cache miss)
21 silly packumentCache full:https://registry.npmmirror.com/types-registry set size:247027 disposed:false
22 silly placeDep ROOT types-registry@0.1.777 REPLACE for:  want: 0.1.777
23 silly reify moves {}
24 silly audit bulk request {
24 silly audit   '@types/body-parser': [ '1.19.6' ],
24 silly audit   '@types/connect': [ '3.4.38' ],
24 silly audit   '@types/cors': [ '2.8.19' ],
24 silly audit   '@types/express': [ '5.0.6' ],
24 silly audit   '@types/express-serve-static-core': [ '5.1.1' ],
24 silly audit   '@types/http-errors': [ '2.0.5' ],
24 silly audit   '@types/merge-descriptors': [ '1.0.3' ],
24 silly audit   '@types/node': [ '26.1.0' ],
24 silly audit   '@types/object-assign': [ '4.0.33' ],
24 silly audit   '@types/qs': [ '6.15.1' ],
24 silly audit   '@types/range-parser': [ '1.2.7' ],
24 silly audit   '@types/react': [ '19.2.17' ],
24 silly audit   '@types/react-dom': [ '19.2.3' ],
24 silly audit   '@types/send': [ '1.2.1' ],
24 silly audit   '@types/serve-static': [ '2.2.0' ],
24 silly audit   '@types/vary': [ '1.1.3' ],
24 silly audit   csstype: [ '3.2.3' ],
24 silly audit   'undici-types': [ '8.3.0' ],
24 silly audit   'types-registry': [ '0.1.777' ]
24 silly audit }
25 http fetch POST 404 https://registry.npmmirror.com/-/npm/v1/security/advisories/bulk 38ms
26 verbose audit error HttpErrorGeneral: 404 Not Found - POST https://registry.npmmirror.com/-/npm/v1/security/advisories/bulk - [NOT_IMPLEMENTED] /-/npm/v1/security/* not implemented yet
26 verbose audit error     at D:\Java\nodejs\node_modules\npm\node_modules\npm-registry-fetch\lib\check-response.js:103:15
26 verbose audit error     at process.processTicksAndRejections (node:internal/process/task_queues:104:5)
26 verbose audit error     at async #getReport (D:\Java\nodejs\node_modules\npm\node_modules\@npmcli\arborist\lib\audit-report.js:275:19)
26 verbose audit error     at async AuditReport.run (D:\Java\nodejs\node_modules\npm\node_modules\@npmcli\arborist\lib\audit-report.js:100:19)
26 verbose audit error     at async Arborist.reify (D:\Java\nodejs\node_modules\npm\node_modules\@npmcli\arborist\lib\arborist\reify.js:261:24)
26 verbose audit error     at async Install.exec (D:\Java\nodejs\node_modules\npm\lib\commands\install.js:146:5)
26 verbose audit error     at async Npm.exec (D:\Java\nodejs\node_modules\npm\lib\npm.js:193:9)
26 verbose audit error     at async module.exports (D:\Java\nodejs\node_modules\npm\lib\cli\entry.js:67:5) {
26 verbose audit error   headers: [Object: null prototype] {
26 verbose audit error     server: [ 'Tengine' ],
26 verbose audit error     date: [ 'Wed, 08 Jul 2026 11:55:33 GMT' ],
26 verbose audit error     'content-type': [ 'application/json' ],
26 verbose audit error     'transfer-encoding': [ 'chunked' ],
26 verbose audit error     connection: [ 'keep-alive' ],
26 verbose audit error     'strict-transport-security': [ 'max-age=5184000' ],
26 verbose audit error     via: [ 'kunlun2.cn7968[,404666]' ],
26 verbose audit error     'timing-allow-origin': [ '*' ],
26 verbose audit error     eagleid: [ 'b7c9e99617835117337797605e' ],
26 verbose audit error     'x-fetch-attempts': [ '1' ]
26 verbose audit error   },
26 verbose audit error   statusCode: 404,
26 verbose audit error   code: 'E404',
26 verbose audit error   method: 'POST',
26 verbose audit error   uri: 'https://registry.npmmirror.com/-/npm/v1/security/advisories/bulk',
26 verbose audit error   body: {
26 verbose audit error     error: '[NOT_IMPLEMENTED] /-/npm/v1/security/* not implemented yet'
26 verbose audit error   },
26 verbose audit error   pkgid: undefined
26 verbose audit error }
27 silly audit error [object Object]
28 silly audit report null
29 verbose cwd C:\Users\wu yu rui\AppData\Local\Microsoft\TypeScript\5.9
30 verbose os Windows_NT 10.0.26100
31 verbose node v24.17.0
32 verbose npm  v11.13.0
33 notice
33 notice New minor version of npm available! 11.13.0 -> 11.18.0
33 notice Changelog: https://github.com/npm/cli/releases/tag/v11.18.0
33 notice To update run: npm install -g npm@11.18.0
33 notice  { force: true, Symbol(proc-log.meta): true }
34 verbose exit 0
35 info ok
